
Gurobi 10.0.1 (mac64[x86], gurobi_cl) logging started Tue Feb  7 15:41:55 2023

Set parameter Username
Set parameter LogFile to value "gurobi.log"
Academic license - for non-commercial use only - expires 2024-02-02
Using license file /Library/gurobi/gurobi.lic

Gurobi Optimizer version 10.0.1 build v10.0.1rc0 (mac64[x86])
Copyright (c) 2023, Gurobi Optimization, LLC

Read LP format model from file 3-premier_choix.lp
Reading time = 0.00 seconds
: 40 rows, 99 columns, 198 nonzeros

CPU model: Intel(R) Core(TM) i5-5350U CPU @ 1.80GHz
Thread count: 2 physical cores, 4 logical processors, using up to 4 threads

Optimize a model with 40 rows, 99 columns and 198 nonzeros
Model fingerprint: 0x6393c581
Variable types: 0 continuous, 99 integer (99 binary)
Coefficient statistics:
  Matrix range     [1e+00, 1e+00]
  Objective range  [1e+00, 2e+01]
  Bounds range     [1e+00, 1e+00]
  RHS range        [1e+00, 2e+00]
Presolve time: 0.00s

Explored 0 nodes (0 simplex iterations) in 0.01 seconds (0.00 work units)
Thread count was 1 (of 4 available processors)

Solution count 0

Model is infeasible
Best objective -, best bound -, gap -

Unable to retrieve attribute 'X'


Gurobi 10.0.1 (mac64[x86], gurobi_cl) logging started Tue Feb  7 15:44:05 2023

Set parameter Username
Set parameter LogFile to value "gurobi.log"
Academic license - for non-commercial use only - expires 2024-02-02
Using license file /Library/gurobi/gurobi.lic

Gurobi Optimizer version 10.0.1 build v10.0.1rc0 (mac64[x86])
Copyright (c) 2023, Gurobi Optimization, LLC

Read LP format model from file 8-premier_choix.lp
Reading time = 0.01 seconds
: 40 rows, 99 columns, 198 nonzeros

CPU model: Intel(R) Core(TM) i5-5350U CPU @ 1.80GHz
Thread count: 2 physical cores, 4 logical processors, using up to 4 threads

Optimize a model with 40 rows, 99 columns and 198 nonzeros
Model fingerprint: 0x153557c3
Variable types: 0 continuous, 99 integer (99 binary)
Coefficient statistics:
  Matrix range     [1e+00, 1e+00]
  Objective range  [1e+00, 2e+01]
  Bounds range     [1e+00, 1e+00]
  RHS range        [1e+00, 3e+00]
Found heuristic solution: objective 113.0000000
Presolve removed 20 rows and 35 columns
Presolve time: 0.02s
Presolved: 20 rows, 64 columns, 128 nonzeros
Variable types: 0 continuous, 64 integer (64 binary)

Root relaxation: objective 7.800000e+01, 18 iterations, 0.01 seconds (0.00 work units)

    Nodes    |    Current Node    |     Objective Bounds      |     Work
 Expl Unexpl |  Obj  Depth IntInf | Incumbent    BestBd   Gap | It/Node Time

*    0     0               0      78.0000000   78.00000  0.00%     -    0s

Explored 1 nodes (18 simplex iterations) in 0.06 seconds (0.00 work units)
Thread count was 4 (of 4 available processors)

Solution count 2: 78 113 

Optimal solution found (tolerance 1.00e-04)
Best objective 7.800000000000e+01, best bound 7.800000000000e+01, gap 0.0000%

Wrote result file 'affectation.sol'


Gurobi 10.0.1 (mac64[x86], gurobi_cl) logging started Tue Feb  7 15:45:20 2023

Set parameter Username
Set parameter LogFile to value "gurobi.log"
Academic license - for non-commercial use only - expires 2024-02-02
Using license file /Library/gurobi/gurobi.lic

Gurobi Optimizer version 10.0.1 build v10.0.1rc0 (mac64[x86])
Copyright (c) 2023, Gurobi Optimization, LLC

Read LP format model from file 4-premier_choix.lp
Reading time = 0.00 seconds
: 40 rows, 99 columns, 198 nonzeros

CPU model: Intel(R) Core(TM) i5-5350U CPU @ 1.80GHz
Thread count: 2 physical cores, 4 logical processors, using up to 4 threads

Optimize a model with 40 rows, 99 columns and 198 nonzeros
Model fingerprint: 0x39c7687d
Variable types: 0 continuous, 99 integer (99 binary)
Coefficient statistics:
  Matrix range     [1e+00, 1e+00]
  Objective range  [1e+00, 2e+01]
  Bounds range     [1e+00, 1e+00]
  RHS range        [1e+00, 2e+00]
Presolve time: 0.00s

Explored 0 nodes (0 simplex iterations) in 0.00 seconds (0.00 work units)
Thread count was 1 (of 4 available processors)

Solution count 0

Model is infeasible
Best objective -, best bound -, gap -

Unable to retrieve attribute 'X'


Gurobi 10.0.1 (mac64[x86], gurobi_cl) logging started Tue Feb  7 15:45:43 2023

Set parameter Username
Set parameter LogFile to value "gurobi.log"
Academic license - for non-commercial use only - expires 2024-02-02
Using license file /Library/gurobi/gurobi.lic

Gurobi Optimizer version 10.0.1 build v10.0.1rc0 (mac64[x86])
Copyright (c) 2023, Gurobi Optimization, LLC

Read LP format model from file 5-premier_choix.lp
Reading time = 0.00 seconds
: 40 rows, 99 columns, 198 nonzeros

CPU model: Intel(R) Core(TM) i5-5350U CPU @ 1.80GHz
Thread count: 2 physical cores, 4 logical processors, using up to 4 threads

Optimize a model with 40 rows, 99 columns and 198 nonzeros
Model fingerprint: 0x919d52ca
Variable types: 0 continuous, 99 integer (99 binary)
Coefficient statistics:
  Matrix range     [1e+00, 1e+00]
  Objective range  [1e+00, 2e+01]
  Bounds range     [1e+00, 1e+00]
  RHS range        [1e+00, 2e+00]
Presolve time: 0.00s

Explored 0 nodes (0 simplex iterations) in 0.00 seconds (0.00 work units)
Thread count was 1 (of 4 available processors)

Solution count 0

Model is infeasible
Best objective -, best bound -, gap -

Unable to retrieve attribute 'X'


Gurobi 10.0.1 (mac64[x86], gurobi_cl) logging started Tue Feb  7 15:46:07 2023

Set parameter Username
Set parameter LogFile to value "gurobi.log"
Academic license - for non-commercial use only - expires 2024-02-02
Using license file /Library/gurobi/gurobi.lic

Gurobi Optimizer version 10.0.1 build v10.0.1rc0 (mac64[x86])
Copyright (c) 2023, Gurobi Optimization, LLC

Read LP format model from file 5-premier_choix.lp
Reading time = 0.00 seconds
: 40 rows, 99 columns, 198 nonzeros

CPU model: Intel(R) Core(TM) i5-5350U CPU @ 1.80GHz
Thread count: 2 physical cores, 4 logical processors, using up to 4 threads

Optimize a model with 40 rows, 99 columns and 198 nonzeros
Model fingerprint: 0x919d52ca
Variable types: 0 continuous, 99 integer (99 binary)
Coefficient statistics:
  Matrix range     [1e+00, 1e+00]
  Objective range  [1e+00, 2e+01]
  Bounds range     [1e+00, 1e+00]
  RHS range        [1e+00, 2e+00]
Presolve time: 0.00s

Explored 0 nodes (0 simplex iterations) in 0.00 seconds (0.00 work units)
Thread count was 1 (of 4 available processors)

Solution count 0

Model is infeasible
Best objective -, best bound -, gap -

Unable to retrieve attribute 'X'


Gurobi 10.0.1 (mac64[x86], gurobi_cl) logging started Tue Feb  7 15:46:25 2023

Set parameter Username
Set parameter LogFile to value "gurobi.log"
Academic license - for non-commercial use only - expires 2024-02-02
Using license file /Library/gurobi/gurobi.lic

Gurobi Optimizer version 10.0.1 build v10.0.1rc0 (mac64[x86])
Copyright (c) 2023, Gurobi Optimization, LLC

Read LP format model from file 6-premier_choix.lp
Reading time = 0.00 seconds
: 40 rows, 99 columns, 198 nonzeros

CPU model: Intel(R) Core(TM) i5-5350U CPU @ 1.80GHz
Thread count: 2 physical cores, 4 logical processors, using up to 4 threads

Optimize a model with 40 rows, 99 columns and 198 nonzeros
Model fingerprint: 0x9e40b023
Variable types: 0 continuous, 99 integer (99 binary)
Coefficient statistics:
  Matrix range     [1e+00, 1e+00]
  Objective range  [1e+00, 2e+01]
  Bounds range     [1e+00, 1e+00]
  RHS range        [1e+00, 2e+00]
Found heuristic solution: objective 150.0000000
Presolve removed 40 rows and 99 columns
Presolve time: 0.00s
Presolve: All rows and columns removed

Explored 0 nodes (0 simplex iterations) in 0.00 seconds (0.00 work units)
Thread count was 1 (of 4 available processors)

Solution count 2: 146 150 

Optimal solution found (tolerance 1.00e-04)
Best objective 1.460000000000e+02, best bound 1.460000000000e+02, gap 0.0000%

Wrote result file 'affectation.sol'


Gurobi 10.0.1 (mac64[x86], gurobi_cl) logging started Wed Feb  8 09:46:55 2023

Set parameter Username
Set parameter LogFile to value "gurobi.log"
Academic license - for non-commercial use only - expires 2024-02-02
Using license file /Library/gurobi1001/gurobi.lic

Gurobi Optimizer version 10.0.1 build v10.0.1rc0 (mac64[x86])
Copyright (c) 2023, Gurobi Optimization, LLC

Read LP format model from file 1-premier_choix.lp
Reading time = 0.01 seconds
: 40 rows, 99 columns, 198 nonzeros

CPU model: Intel(R) Core(TM) i5-5350U CPU @ 1.80GHz
Thread count: 2 physical cores, 4 logical processors, using up to 4 threads

Optimize a model with 40 rows, 99 columns and 198 nonzeros
Model fingerprint: 0xd2ffbc59
Variable types: 0 continuous, 99 integer (99 binary)
Coefficient statistics:
  Matrix range     [1e+00, 1e+00]
  Objective range  [2e+00, 2e+01]
  Bounds range     [1e+00, 1e+00]
  RHS range        [1e+00, 2e+00]
Presolve time: 0.01s

Explored 0 nodes (0 simplex iterations) in 0.02 seconds (0.00 work units)
Thread count was 1 (of 4 available processors)

Solution count 0

Model is infeasible
Best objective -, best bound -, gap -

Unable to retrieve attribute 'X'


Gurobi 10.0.1 (mac64[x86], gurobi_cl) logging started Wed Feb  8 09:47:28 2023

Set parameter Username
Set parameter LogFile to value "gurobi.log"
Academic license - for non-commercial use only - expires 2024-02-02
Using license file /Library/gurobi1001/gurobi.lic

Gurobi Optimizer version 10.0.1 build v10.0.1rc0 (mac64[x86])
Copyright (c) 2023, Gurobi Optimization, LLC

Read LP format model from file 1-premier_choix.lp
Reading time = 0.00 seconds
: 40 rows, 99 columns, 198 nonzeros

CPU model: Intel(R) Core(TM) i5-5350U CPU @ 1.80GHz
Thread count: 2 physical cores, 4 logical processors, using up to 4 threads

Optimize a model with 40 rows, 99 columns and 198 nonzeros
Model fingerprint: 0xdd267528
Variable types: 0 continuous, 99 integer (99 binary)
Coefficient statistics:
  Matrix range     [1e+00, 1e+00]
  Objective range  [1e+00, 2e+01]
  Bounds range     [1e+00, 1e+00]
  RHS range        [1e+00, 3e+00]
Presolve time: 0.00s

Explored 0 nodes (0 simplex iterations) in 0.00 seconds (0.00 work units)
Thread count was 1 (of 4 available processors)

Solution count 0

Model is infeasible
Best objective -, best bound -, gap -

Unable to retrieve attribute 'X'


Gurobi 10.0.1 (mac64[x86], gurobi_cl) logging started Wed Feb  8 09:49:28 2023

Set parameter Username
Set parameter LogFile to value "gurobi.log"
Academic license - for non-commercial use only - expires 2024-02-02
Using license file /Library/gurobi1001/gurobi.lic

Gurobi Optimizer version 10.0.1 build v10.0.1rc0 (mac64[x86])
Copyright (c) 2023, Gurobi Optimization, LLC

Read LP format model from file 1-premier_choix.lp
Reading time = 0.00 seconds
: 40 rows, 99 columns, 198 nonzeros

CPU model: Intel(R) Core(TM) i5-5350U CPU @ 1.80GHz
Thread count: 2 physical cores, 4 logical processors, using up to 4 threads

Optimize a model with 40 rows, 99 columns and 198 nonzeros
Model fingerprint: 0x56285b88
Variable types: 0 continuous, 99 integer (99 binary)
Coefficient statistics:
  Matrix range     [1e+00, 1e+00]
  Objective range  [1e+00, 2e+01]
  Bounds range     [1e+00, 1e+00]
  RHS range        [1e+00, 2e+00]
Presolve time: 0.00s

Explored 0 nodes (0 simplex iterations) in 0.00 seconds (0.00 work units)
Thread count was 1 (of 4 available processors)

Solution count 0

Model is infeasible
Best objective -, best bound -, gap -

Unable to retrieve attribute 'X'


Gurobi 10.0.1 (mac64[x86], gurobi_cl) logging started Wed Feb  8 09:49:57 2023

Set parameter Username
Set parameter LogFile to value "gurobi.log"
Academic license - for non-commercial use only - expires 2024-02-02
Using license file /Library/gurobi1001/gurobi.lic

Gurobi Optimizer version 10.0.1 build v10.0.1rc0 (mac64[x86])
Copyright (c) 2023, Gurobi Optimization, LLC

Read LP format model from file 1-premier_choix.lp
Reading time = 0.00 seconds
: 40 rows, 99 columns, 198 nonzeros

CPU model: Intel(R) Core(TM) i5-5350U CPU @ 1.80GHz
Thread count: 2 physical cores, 4 logical processors, using up to 4 threads

Optimize a model with 40 rows, 99 columns and 198 nonzeros
Model fingerprint: 0xc2f62b09
Variable types: 0 continuous, 99 integer (99 binary)
Coefficient statistics:
  Matrix range     [1e+00, 1e+00]
  Objective range  [1e+00, 2e+01]
  Bounds range     [1e+00, 1e+00]
  RHS range        [1e+00, 2e+00]
Presolve time: 0.00s

Explored 0 nodes (0 simplex iterations) in 0.00 seconds (0.00 work units)
Thread count was 1 (of 4 available processors)

Solution count 0

Model is infeasible
Best objective -, best bound -, gap -

Unable to retrieve attribute 'X'


Gurobi 10.0.1 (mac64[x86], gurobi_cl) logging started Wed Feb  8 09:49:57 2023

Set parameter Username
Set parameter LogFile to value "gurobi.log"
Academic license - for non-commercial use only - expires 2024-02-02
Using license file /Library/gurobi1001/gurobi.lic

Gurobi Optimizer version 10.0.1 build v10.0.1rc0 (mac64[x86])
Copyright (c) 2023, Gurobi Optimization, LLC

Read LP format model from file 2-premier_choix.lp
Reading time = 0.00 seconds
: 40 rows, 99 columns, 198 nonzeros

CPU model: Intel(R) Core(TM) i5-5350U CPU @ 1.80GHz
Thread count: 2 physical cores, 4 logical processors, using up to 4 threads

Optimize a model with 40 rows, 99 columns and 198 nonzeros
Model fingerprint: 0x9936884d
Variable types: 0 continuous, 99 integer (99 binary)
Coefficient statistics:
  Matrix range     [1e+00, 1e+00]
  Objective range  [1e+00, 2e+01]
  Bounds range     [1e+00, 1e+00]
  RHS range        [1e+00, 2e+00]
Presolve time: 0.00s

Explored 0 nodes (0 simplex iterations) in 0.00 seconds (0.00 work units)
Thread count was 1 (of 4 available processors)

Solution count 0

Model is infeasible
Best objective -, best bound -, gap -

Unable to retrieve attribute 'X'


Gurobi 10.0.1 (mac64[x86], gurobi_cl) logging started Wed Feb  8 09:49:57 2023

Set parameter Username
Set parameter LogFile to value "gurobi.log"
Academic license - for non-commercial use only - expires 2024-02-02
Using license file /Library/gurobi1001/gurobi.lic

Gurobi Optimizer version 10.0.1 build v10.0.1rc0 (mac64[x86])
Copyright (c) 2023, Gurobi Optimization, LLC

Read LP format model from file 3-premier_choix.lp
Reading time = 0.00 seconds
: 40 rows, 99 columns, 198 nonzeros

CPU model: Intel(R) Core(TM) i5-5350U CPU @ 1.80GHz
Thread count: 2 physical cores, 4 logical processors, using up to 4 threads

Optimize a model with 40 rows, 99 columns and 198 nonzeros
Model fingerprint: 0xba2bace2
Variable types: 0 continuous, 99 integer (99 binary)
Coefficient statistics:
  Matrix range     [1e+00, 1e+00]
  Objective range  [1e+00, 2e+01]
  Bounds range     [1e+00, 1e+00]
  RHS range        [1e+00, 2e+00]
Presolve time: 0.00s

Explored 0 nodes (0 simplex iterations) in 0.00 seconds (0.00 work units)
Thread count was 1 (of 4 available processors)

Solution count 0

Model is infeasible
Best objective -, best bound -, gap -

Unable to retrieve attribute 'X'


Gurobi 10.0.1 (mac64[x86], gurobi_cl) logging started Wed Feb  8 09:49:57 2023

Set parameter Username
Set parameter LogFile to value "gurobi.log"
Academic license - for non-commercial use only - expires 2024-02-02
Using license file /Library/gurobi1001/gurobi.lic

Gurobi Optimizer version 10.0.1 build v10.0.1rc0 (mac64[x86])
Copyright (c) 2023, Gurobi Optimization, LLC

Read LP format model from file 4-premier_choix.lp
Reading time = 0.00 seconds
: 40 rows, 99 columns, 198 nonzeros

CPU model: Intel(R) Core(TM) i5-5350U CPU @ 1.80GHz
Thread count: 2 physical cores, 4 logical processors, using up to 4 threads

Optimize a model with 40 rows, 99 columns and 198 nonzeros
Model fingerprint: 0x20975ee0
Variable types: 0 continuous, 99 integer (99 binary)
Coefficient statistics:
  Matrix range     [1e+00, 1e+00]
  Objective range  [1e+00, 2e+01]
  Bounds range     [1e+00, 1e+00]
  RHS range        [1e+00, 2e+00]
Presolve time: 0.00s

Explored 0 nodes (0 simplex iterations) in 0.00 seconds (0.00 work units)
Thread count was 1 (of 4 available processors)

Solution count 0

Model is infeasible
Best objective -, best bound -, gap -

Unable to retrieve attribute 'X'


Gurobi 10.0.1 (mac64[x86], gurobi_cl) logging started Wed Feb  8 09:49:57 2023

Set parameter Username
Set parameter LogFile to value "gurobi.log"
Academic license - for non-commercial use only - expires 2024-02-02
Using license file /Library/gurobi1001/gurobi.lic

Gurobi Optimizer version 10.0.1 build v10.0.1rc0 (mac64[x86])
Copyright (c) 2023, Gurobi Optimization, LLC

Read LP format model from file 5-premier_choix.lp
Reading time = 0.00 seconds
: 40 rows, 99 columns, 198 nonzeros

CPU model: Intel(R) Core(TM) i5-5350U CPU @ 1.80GHz
Thread count: 2 physical cores, 4 logical processors, using up to 4 threads

Optimize a model with 40 rows, 99 columns and 198 nonzeros
Model fingerprint: 0xc96f9d25
Variable types: 0 continuous, 99 integer (99 binary)
Coefficient statistics:
  Matrix range     [1e+00, 1e+00]
  Objective range  [1e+00, 2e+01]
  Bounds range     [1e+00, 1e+00]
  RHS range        [1e+00, 2e+00]
Found heuristic solution: objective 146.0000000
Presolve removed 40 rows and 99 columns
Presolve time: 0.01s
Presolve: All rows and columns removed

Explored 0 nodes (0 simplex iterations) in 0.01 seconds (0.00 work units)
Thread count was 1 (of 4 available processors)

Solution count 2: 145 146 

Optimal solution found (tolerance 1.00e-04)
Best objective 1.450000000000e+02, best bound 1.450000000000e+02, gap 0.0000%

Wrote result file 'affectation.sol'


Gurobi 10.0.1 (mac64[x86], gurobi_cl) logging started Wed Feb  8 09:51:21 2023

Set parameter Username
Set parameter LogFile to value "gurobi.log"
Academic license - for non-commercial use only - expires 2024-02-02
Using license file /Library/gurobi1001/gurobi.lic

Gurobi Optimizer version 10.0.1 build v10.0.1rc0 (mac64[x86])
Copyright (c) 2023, Gurobi Optimization, LLC

Read LP format model from file 1-premier_choix.lp
Reading time = 0.00 seconds
: 40 rows, 99 columns, 198 nonzeros

CPU model: Intel(R) Core(TM) i5-5350U CPU @ 1.80GHz
Thread count: 2 physical cores, 4 logical processors, using up to 4 threads

Optimize a model with 40 rows, 99 columns and 198 nonzeros
Model fingerprint: 0xf59e71f6
Variable types: 0 continuous, 99 integer (99 binary)
Coefficient statistics:
  Matrix range     [1e+00, 1e+00]
  Objective range  [1e+00, 2e+01]
  Bounds range     [1e+00, 1e+00]
  RHS range        [1e+00, 2e+00]
Presolve time: 0.00s

Explored 0 nodes (0 simplex iterations) in 0.00 seconds (0.00 work units)
Thread count was 1 (of 4 available processors)

Solution count 0

Model is infeasible
Best objective -, best bound -, gap -

Unable to retrieve attribute 'X'


Gurobi 10.0.1 (mac64[x86], gurobi_cl) logging started Wed Feb  8 09:51:21 2023

Set parameter Username
Set parameter LogFile to value "gurobi.log"
Academic license - for non-commercial use only - expires 2024-02-02
Using license file /Library/gurobi1001/gurobi.lic

Gurobi Optimizer version 10.0.1 build v10.0.1rc0 (mac64[x86])
Copyright (c) 2023, Gurobi Optimization, LLC

Read LP format model from file 2-premier_choix.lp
Reading time = 0.00 seconds
: 40 rows, 99 columns, 198 nonzeros

CPU model: Intel(R) Core(TM) i5-5350U CPU @ 1.80GHz
Thread count: 2 physical cores, 4 logical processors, using up to 4 threads

Optimize a model with 40 rows, 99 columns and 198 nonzeros
Model fingerprint: 0x084d799d
Variable types: 0 continuous, 99 integer (99 binary)
Coefficient statistics:
  Matrix range     [1e+00, 1e+00]
  Objective range  [1e+00, 2e+01]
  Bounds range     [1e+00, 1e+00]
  RHS range        [1e+00, 2e+00]
Presolve time: 0.00s

Explored 0 nodes (0 simplex iterations) in 0.00 seconds (0.00 work units)
Thread count was 1 (of 4 available processors)

Solution count 0

Model is infeasible
Best objective -, best bound -, gap -

Unable to retrieve attribute 'X'


Gurobi 10.0.1 (mac64[x86], gurobi_cl) logging started Wed Feb  8 09:51:21 2023

Set parameter Username
Set parameter LogFile to value "gurobi.log"
Academic license - for non-commercial use only - expires 2024-02-02
Using license file /Library/gurobi1001/gurobi.lic

Gurobi Optimizer version 10.0.1 build v10.0.1rc0 (mac64[x86])
Copyright (c) 2023, Gurobi Optimization, LLC

Read LP format model from file 3-premier_choix.lp
Reading time = 0.00 seconds
: 40 rows, 99 columns, 198 nonzeros

CPU model: Intel(R) Core(TM) i5-5350U CPU @ 1.80GHz
Thread count: 2 physical cores, 4 logical processors, using up to 4 threads

Optimize a model with 40 rows, 99 columns and 198 nonzeros
Model fingerprint: 0x257fa421
Variable types: 0 continuous, 99 integer (99 binary)
Coefficient statistics:
  Matrix range     [1e+00, 1e+00]
  Objective range  [1e+00, 2e+01]
  Bounds range     [1e+00, 1e+00]
  RHS range        [1e+00, 2e+00]
Presolve time: 0.00s

Explored 0 nodes (0 simplex iterations) in 0.00 seconds (0.00 work units)
Thread count was 1 (of 4 available processors)

Solution count 0

Model is infeasible
Best objective -, best bound -, gap -

Unable to retrieve attribute 'X'


Gurobi 10.0.1 (mac64[x86], gurobi_cl) logging started Wed Feb  8 09:51:21 2023

Set parameter Username
Set parameter LogFile to value "gurobi.log"
Academic license - for non-commercial use only - expires 2024-02-02
Using license file /Library/gurobi1001/gurobi.lic

Gurobi Optimizer version 10.0.1 build v10.0.1rc0 (mac64[x86])
Copyright (c) 2023, Gurobi Optimization, LLC

Read LP format model from file 4-premier_choix.lp
Reading time = 0.00 seconds
: 40 rows, 99 columns, 198 nonzeros

CPU model: Intel(R) Core(TM) i5-5350U CPU @ 1.80GHz
Thread count: 2 physical cores, 4 logical processors, using up to 4 threads

Optimize a model with 40 rows, 99 columns and 198 nonzeros
Model fingerprint: 0x40de8119
Variable types: 0 continuous, 99 integer (99 binary)
Coefficient statistics:
  Matrix range     [1e+00, 1e+00]
  Objective range  [1e+00, 2e+01]
  Bounds range     [1e+00, 1e+00]
  RHS range        [1e+00, 2e+00]
Presolve time: 0.00s

Explored 0 nodes (0 simplex iterations) in 0.00 seconds (0.00 work units)
Thread count was 1 (of 4 available processors)

Solution count 0

Model is infeasible
Best objective -, best bound -, gap -

Unable to retrieve attribute 'X'


Gurobi 10.0.1 (mac64[x86], gurobi_cl) logging started Wed Feb  8 09:51:21 2023

Set parameter Username
Set parameter LogFile to value "gurobi.log"
Academic license - for non-commercial use only - expires 2024-02-02
Using license file /Library/gurobi1001/gurobi.lic

Gurobi Optimizer version 10.0.1 build v10.0.1rc0 (mac64[x86])
Copyright (c) 2023, Gurobi Optimization, LLC

Read LP format model from file 5-premier_choix.lp
Reading time = 0.00 seconds
: 40 rows, 99 columns, 198 nonzeros

CPU model: Intel(R) Core(TM) i5-5350U CPU @ 1.80GHz
Thread count: 2 physical cores, 4 logical processors, using up to 4 threads

Optimize a model with 40 rows, 99 columns and 198 nonzeros
Model fingerprint: 0xe7efb92c
Variable types: 0 continuous, 99 integer (99 binary)
Coefficient statistics:
  Matrix range     [1e+00, 1e+00]
  Objective range  [1e+00, 2e+01]
  Bounds range     [1e+00, 1e+00]
  RHS range        [1e+00, 2e+00]
Found heuristic solution: objective 156.0000000
Presolve removed 40 rows and 99 columns
Presolve time: 0.00s
Presolve: All rows and columns removed

Explored 0 nodes (0 simplex iterations) in 0.00 seconds (0.00 work units)
Thread count was 1 (of 4 available processors)

Solution count 2: 153 156 

Optimal solution found (tolerance 1.00e-04)
Best objective 1.530000000000e+02, best bound 1.530000000000e+02, gap 0.0000%

Wrote result file 'affectation.sol'


Gurobi 10.0.1 (mac64[x86], gurobi_cl) logging started Wed Feb  8 09:51:38 2023

Set parameter Username
Set parameter LogFile to value "gurobi.log"
Academic license - for non-commercial use only - expires 2024-02-02
Using license file /Library/gurobi1001/gurobi.lic

Gurobi Optimizer version 10.0.1 build v10.0.1rc0 (mac64[x86])
Copyright (c) 2023, Gurobi Optimization, LLC

Read LP format model from file 1-premier_choix.lp
Reading time = 0.00 seconds
: 40 rows, 99 columns, 198 nonzeros

CPU model: Intel(R) Core(TM) i5-5350U CPU @ 1.80GHz
Thread count: 2 physical cores, 4 logical processors, using up to 4 threads

Optimize a model with 40 rows, 99 columns and 198 nonzeros
Model fingerprint: 0xfe08126e
Variable types: 0 continuous, 99 integer (99 binary)
Coefficient statistics:
  Matrix range     [1e+00, 1e+00]
  Objective range  [1e+00, 2e+01]
  Bounds range     [1e+00, 1e+00]
  RHS range        [1e+00, 3e+00]
Presolve time: 0.00s

Explored 0 nodes (0 simplex iterations) in 0.00 seconds (0.00 work units)
Thread count was 1 (of 4 available processors)

Solution count 0

Model is infeasible
Best objective -, best bound -, gap -

Unable to retrieve attribute 'X'


Gurobi 10.0.1 (mac64[x86], gurobi_cl) logging started Wed Feb  8 09:51:38 2023

Set parameter Username
Set parameter LogFile to value "gurobi.log"
Academic license - for non-commercial use only - expires 2024-02-02
Using license file /Library/gurobi1001/gurobi.lic

Gurobi Optimizer version 10.0.1 build v10.0.1rc0 (mac64[x86])
Copyright (c) 2023, Gurobi Optimization, LLC

Read LP format model from file 2-premier_choix.lp
Reading time = 0.00 seconds
: 40 rows, 99 columns, 198 nonzeros

CPU model: Intel(R) Core(TM) i5-5350U CPU @ 1.80GHz
Thread count: 2 physical cores, 4 logical processors, using up to 4 threads

Optimize a model with 40 rows, 99 columns and 198 nonzeros
Model fingerprint: 0x5c55814b
Variable types: 0 continuous, 99 integer (99 binary)
Coefficient statistics:
  Matrix range     [1e+00, 1e+00]
  Objective range  [1e+00, 2e+01]
  Bounds range     [1e+00, 1e+00]
  RHS range        [1e+00, 3e+00]
Presolve time: 0.00s

Explored 0 nodes (0 simplex iterations) in 0.00 seconds (0.00 work units)
Thread count was 1 (of 4 available processors)

Solution count 0

Model is infeasible
Best objective -, best bound -, gap -

Unable to retrieve attribute 'X'


Gurobi 10.0.1 (mac64[x86], gurobi_cl) logging started Wed Feb  8 09:51:38 2023

Set parameter Username
Set parameter LogFile to value "gurobi.log"
Academic license - for non-commercial use only - expires 2024-02-02
Using license file /Library/gurobi1001/gurobi.lic

Gurobi Optimizer version 10.0.1 build v10.0.1rc0 (mac64[x86])
Copyright (c) 2023, Gurobi Optimization, LLC

Read LP format model from file 3-premier_choix.lp
Reading time = 0.00 seconds
: 40 rows, 99 columns, 198 nonzeros

CPU model: Intel(R) Core(TM) i5-5350U CPU @ 1.80GHz
Thread count: 2 physical cores, 4 logical processors, using up to 4 threads

Optimize a model with 40 rows, 99 columns and 198 nonzeros
Model fingerprint: 0x9b20620c
Variable types: 0 continuous, 99 integer (99 binary)
Coefficient statistics:
  Matrix range     [1e+00, 1e+00]
  Objective range  [1e+00, 2e+01]
  Bounds range     [1e+00, 1e+00]
  RHS range        [1e+00, 3e+00]
Presolve time: 0.00s

Explored 0 nodes (0 simplex iterations) in 0.00 seconds (0.00 work units)
Thread count was 1 (of 4 available processors)

Solution count 0

Model is infeasible
Best objective -, best bound -, gap -

Unable to retrieve attribute 'X'


Gurobi 10.0.1 (mac64[x86], gurobi_cl) logging started Wed Feb  8 09:51:38 2023

Set parameter Username
Set parameter LogFile to value "gurobi.log"
Academic license - for non-commercial use only - expires 2024-02-02
Using license file /Library/gurobi1001/gurobi.lic

Gurobi Optimizer version 10.0.1 build v10.0.1rc0 (mac64[x86])
Copyright (c) 2023, Gurobi Optimization, LLC

Read LP format model from file 4-premier_choix.lp
Reading time = 0.00 seconds
: 40 rows, 99 columns, 198 nonzeros

CPU model: Intel(R) Core(TM) i5-5350U CPU @ 1.80GHz
Thread count: 2 physical cores, 4 logical processors, using up to 4 threads

Optimize a model with 40 rows, 99 columns and 198 nonzeros
Model fingerprint: 0xe3932940
Variable types: 0 continuous, 99 integer (99 binary)
Coefficient statistics:
  Matrix range     [1e+00, 1e+00]
  Objective range  [1e+00, 2e+01]
  Bounds range     [1e+00, 1e+00]
  RHS range        [1e+00, 3e+00]
Presolve time: 0.00s

Explored 0 nodes (0 simplex iterations) in 0.00 seconds (0.00 work units)
Thread count was 1 (of 4 available processors)

Solution count 0

Model is infeasible
Best objective -, best bound -, gap -

Unable to retrieve attribute 'X'


Gurobi 10.0.1 (mac64[x86], gurobi_cl) logging started Wed Feb  8 09:51:38 2023

Set parameter Username
Set parameter LogFile to value "gurobi.log"
Academic license - for non-commercial use only - expires 2024-02-02
Using license file /Library/gurobi1001/gurobi.lic

Gurobi Optimizer version 10.0.1 build v10.0.1rc0 (mac64[x86])
Copyright (c) 2023, Gurobi Optimization, LLC

Read LP format model from file 5-premier_choix.lp
Reading time = 0.00 seconds
: 40 rows, 99 columns, 198 nonzeros

CPU model: Intel(R) Core(TM) i5-5350U CPU @ 1.80GHz
Thread count: 2 physical cores, 4 logical processors, using up to 4 threads

Optimize a model with 40 rows, 99 columns and 198 nonzeros
Model fingerprint: 0x2def2d26
Variable types: 0 continuous, 99 integer (99 binary)
Coefficient statistics:
  Matrix range     [1e+00, 1e+00]
  Objective range  [1e+00, 2e+01]
  Bounds range     [1e+00, 1e+00]
  RHS range        [1e+00, 3e+00]
Presolve time: 0.00s

Explored 0 nodes (0 simplex iterations) in 0.00 seconds (0.00 work units)
Thread count was 1 (of 4 available processors)

Solution count 0

Model is infeasible
Best objective -, best bound -, gap -

Unable to retrieve attribute 'X'


Gurobi 10.0.1 (mac64[x86], gurobi_cl) logging started Wed Feb  8 09:51:38 2023

Set parameter Username
Set parameter LogFile to value "gurobi.log"
Academic license - for non-commercial use only - expires 2024-02-02
Using license file /Library/gurobi1001/gurobi.lic

Gurobi Optimizer version 10.0.1 build v10.0.1rc0 (mac64[x86])
Copyright (c) 2023, Gurobi Optimization, LLC

Read LP format model from file 6-premier_choix.lp
Reading time = 0.00 seconds
: 40 rows, 99 columns, 198 nonzeros

CPU model: Intel(R) Core(TM) i5-5350U CPU @ 1.80GHz
Thread count: 2 physical cores, 4 logical processors, using up to 4 threads

Optimize a model with 40 rows, 99 columns and 198 nonzeros
Model fingerprint: 0xa58f997f
Variable types: 0 continuous, 99 integer (99 binary)
Coefficient statistics:
  Matrix range     [1e+00, 1e+00]
  Objective range  [1e+00, 2e+01]
  Bounds range     [1e+00, 1e+00]
  RHS range        [1e+00, 3e+00]
Presolve removed 24 rows and 71 columns
Presolve time: 0.00s

Explored 0 nodes (0 simplex iterations) in 0.00 seconds (0.00 work units)
Thread count was 1 (of 4 available processors)

Solution count 0

Model is infeasible
Best objective -, best bound -, gap -

Unable to retrieve attribute 'X'


Gurobi 10.0.1 (mac64[x86], gurobi_cl) logging started Wed Feb  8 09:51:38 2023

Set parameter Username
Set parameter LogFile to value "gurobi.log"
Academic license - for non-commercial use only - expires 2024-02-02
Using license file /Library/gurobi1001/gurobi.lic

Gurobi Optimizer version 10.0.1 build v10.0.1rc0 (mac64[x86])
Copyright (c) 2023, Gurobi Optimization, LLC

Read LP format model from file 7-premier_choix.lp
Reading time = 0.00 seconds
: 40 rows, 99 columns, 198 nonzeros

CPU model: Intel(R) Core(TM) i5-5350U CPU @ 1.80GHz
Thread count: 2 physical cores, 4 logical processors, using up to 4 threads

Optimize a model with 40 rows, 99 columns and 198 nonzeros
Model fingerprint: 0x579e8ec0
Variable types: 0 continuous, 99 integer (99 binary)
Coefficient statistics:
  Matrix range     [1e+00, 1e+00]
  Objective range  [1e+00, 2e+01]
  Bounds range     [1e+00, 1e+00]
  RHS range        [1e+00, 3e+00]
Found heuristic solution: objective 144.0000000
Presolve removed 22 rows and 57 columns
Presolve time: 0.00s
Presolved: 18 rows, 42 columns, 84 nonzeros
Variable types: 0 continuous, 42 integer (42 binary)

Root relaxation: objective 1.060000e+02, 17 iterations, 0.01 seconds (0.00 work units)

    Nodes    |    Current Node    |     Objective Bounds      |     Work
 Expl Unexpl |  Obj  Depth IntInf | Incumbent    BestBd   Gap | It/Node Time

*    0     0               0     106.0000000  106.00000  0.00%     -    0s

Explored 1 nodes (17 simplex iterations) in 0.02 seconds (0.00 work units)
Thread count was 4 (of 4 available processors)

Solution count 2: 106 144 

Optimal solution found (tolerance 1.00e-04)
Best objective 1.060000000000e+02, best bound 1.060000000000e+02, gap 0.0000%

Wrote result file 'affectation.sol'


Gurobi 10.0.1 (mac64[x86], gurobi_cl) logging started Wed Feb  8 09:54:18 2023

Set parameter Username
Set parameter LogFile to value "gurobi.log"
Academic license - for non-commercial use only - expires 2024-02-02
Using license file /Library/gurobi1001/gurobi.lic

Gurobi Optimizer version 10.0.1 build v10.0.1rc0 (mac64[x86])
Copyright (c) 2023, Gurobi Optimization, LLC

Read LP format model from file 1-premier_choix.lp
Reading time = 0.00 seconds
: 40 rows, 99 columns, 198 nonzeros

CPU model: Intel(R) Core(TM) i5-5350U CPU @ 1.80GHz
Thread count: 2 physical cores, 4 logical processors, using up to 4 threads

Optimize a model with 40 rows, 99 columns and 198 nonzeros
Model fingerprint: 0x3c2da587
Variable types: 0 continuous, 99 integer (99 binary)
Coefficient statistics:
  Matrix range     [1e+00, 1e+00]
  Objective range  [1e+00, 2e+01]
  Bounds range     [1e+00, 1e+00]
  RHS range        [1e+00, 2e+00]
Presolve time: 0.00s

Explored 0 nodes (0 simplex iterations) in 0.00 seconds (0.00 work units)
Thread count was 1 (of 4 available processors)

Solution count 0
No other solutions better than -1e+100

Model is infeasible
Best objective -, best bound -, gap -

Unable to retrieve attribute 'X'


Gurobi 10.0.1 (mac64[x86], gurobi_cl) logging started Wed Feb  8 09:54:18 2023

Set parameter Username
Set parameter LogFile to value "gurobi.log"
Academic license - for non-commercial use only - expires 2024-02-02
Using license file /Library/gurobi1001/gurobi.lic

Gurobi Optimizer version 10.0.1 build v10.0.1rc0 (mac64[x86])
Copyright (c) 2023, Gurobi Optimization, LLC

Read LP format model from file 2-premier_choix.lp
Reading time = 0.00 seconds
: 40 rows, 99 columns, 198 nonzeros

CPU model: Intel(R) Core(TM) i5-5350U CPU @ 1.80GHz
Thread count: 2 physical cores, 4 logical processors, using up to 4 threads

Optimize a model with 40 rows, 99 columns and 198 nonzeros
Model fingerprint: 0xe53c7405
Variable types: 0 continuous, 99 integer (99 binary)
Coefficient statistics:
  Matrix range     [1e+00, 1e+00]
  Objective range  [1e+00, 2e+01]
  Bounds range     [1e+00, 1e+00]
  RHS range        [1e+00, 2e+00]
Presolve time: 0.00s

Explored 0 nodes (0 simplex iterations) in 0.00 seconds (0.00 work units)
Thread count was 1 (of 4 available processors)

Solution count 0
No other solutions better than -1e+100

Model is infeasible
Best objective -, best bound -, gap -

Unable to retrieve attribute 'X'


Gurobi 10.0.1 (mac64[x86], gurobi_cl) logging started Wed Feb  8 09:54:18 2023

Set parameter Username
Set parameter LogFile to value "gurobi.log"
Academic license - for non-commercial use only - expires 2024-02-02
Using license file /Library/gurobi1001/gurobi.lic

Gurobi Optimizer version 10.0.1 build v10.0.1rc0 (mac64[x86])
Copyright (c) 2023, Gurobi Optimization, LLC

Read LP format model from file 3-premier_choix.lp
Reading time = 0.00 seconds
: 40 rows, 99 columns, 198 nonzeros

CPU model: Intel(R) Core(TM) i5-5350U CPU @ 1.80GHz
Thread count: 2 physical cores, 4 logical processors, using up to 4 threads

Optimize a model with 40 rows, 99 columns and 198 nonzeros
Model fingerprint: 0x344d1b69
Variable types: 0 continuous, 99 integer (99 binary)
Coefficient statistics:
  Matrix range     [1e+00, 1e+00]
  Objective range  [1e+00, 2e+01]
  Bounds range     [1e+00, 1e+00]
  RHS range        [1e+00, 2e+00]
Presolve time: 0.00s

Explored 0 nodes (0 simplex iterations) in 0.00 seconds (0.00 work units)
Thread count was 1 (of 4 available processors)

Solution count 0
No other solutions better than -1e+100

Model is infeasible
Best objective -, best bound -, gap -

Unable to retrieve attribute 'X'


Gurobi 10.0.1 (mac64[x86], gurobi_cl) logging started Wed Feb  8 09:54:18 2023

Set parameter Username
Set parameter LogFile to value "gurobi.log"
Academic license - for non-commercial use only - expires 2024-02-02
Using license file /Library/gurobi1001/gurobi.lic

Gurobi Optimizer version 10.0.1 build v10.0.1rc0 (mac64[x86])
Copyright (c) 2023, Gurobi Optimization, LLC

Read LP format model from file 4-premier_choix.lp
Reading time = 0.00 seconds
: 40 rows, 99 columns, 198 nonzeros

CPU model: Intel(R) Core(TM) i5-5350U CPU @ 1.80GHz
Thread count: 2 physical cores, 4 logical processors, using up to 4 threads

Optimize a model with 40 rows, 99 columns and 198 nonzeros
Model fingerprint: 0x4d22f295
Variable types: 0 continuous, 99 integer (99 binary)
Coefficient statistics:
  Matrix range     [1e+00, 1e+00]
  Objective range  [1e+00, 2e+01]
  Bounds range     [1e+00, 1e+00]
  RHS range        [1e+00, 2e+00]
Presolve time: 0.00s

Explored 0 nodes (0 simplex iterations) in 0.00 seconds (0.00 work units)
Thread count was 1 (of 4 available processors)

Solution count 0
No other solutions better than -1e+100

Model is infeasible
Best objective -, best bound -, gap -

Unable to retrieve attribute 'X'


Gurobi 10.0.1 (mac64[x86], gurobi_cl) logging started Wed Feb  8 09:54:18 2023

Set parameter Username
Set parameter LogFile to value "gurobi.log"
Academic license - for non-commercial use only - expires 2024-02-02
Using license file /Library/gurobi1001/gurobi.lic

Gurobi Optimizer version 10.0.1 build v10.0.1rc0 (mac64[x86])
Copyright (c) 2023, Gurobi Optimization, LLC

Read LP format model from file 5-premier_choix.lp
Reading time = 0.00 seconds
: 40 rows, 99 columns, 198 nonzeros

CPU model: Intel(R) Core(TM) i5-5350U CPU @ 1.80GHz
Thread count: 2 physical cores, 4 logical processors, using up to 4 threads

Optimize a model with 40 rows, 99 columns and 198 nonzeros
Model fingerprint: 0xa0f48ed1
Variable types: 0 continuous, 99 integer (99 binary)
Coefficient statistics:
  Matrix range     [1e+00, 1e+00]
  Objective range  [1e+00, 2e+01]
  Bounds range     [1e+00, 1e+00]
  RHS range        [1e+00, 2e+00]
Presolve removed 25 rows and 80 columns
Presolve time: 0.00s

Explored 0 nodes (0 simplex iterations) in 0.00 seconds (0.00 work units)
Thread count was 1 (of 4 available processors)

Solution count 0
No other solutions better than -1e+100

Model is infeasible
Best objective -, best bound -, gap -

Unable to retrieve attribute 'X'


Gurobi 10.0.1 (mac64[x86], gurobi_cl) logging started Wed Feb  8 09:54:18 2023

Set parameter Username
Set parameter LogFile to value "gurobi.log"
Academic license - for non-commercial use only - expires 2024-02-02
Using license file /Library/gurobi1001/gurobi.lic

Gurobi Optimizer version 10.0.1 build v10.0.1rc0 (mac64[x86])
Copyright (c) 2023, Gurobi Optimization, LLC

Read LP format model from file 6-premier_choix.lp
Reading time = 0.00 seconds
: 40 rows, 99 columns, 198 nonzeros

CPU model: Intel(R) Core(TM) i5-5350U CPU @ 1.80GHz
Thread count: 2 physical cores, 4 logical processors, using up to 4 threads

Optimize a model with 40 rows, 99 columns and 198 nonzeros
Model fingerprint: 0xd5a23099
Variable types: 0 continuous, 99 integer (99 binary)
Coefficient statistics:
  Matrix range     [1e+00, 1e+00]
  Objective range  [1e+00, 2e+01]
  Bounds range     [1e+00, 1e+00]
  RHS range        [1e+00, 2e+00]
Found heuristic solution: objective 133.0000000
Presolve removed 29 rows and 77 columns
Presolve time: 0.00s
Presolved: 11 rows, 22 columns, 44 nonzeros
Found heuristic solution: objective 144.0000000
Variable types: 0 continuous, 22 integer (22 binary)

Root relaxation: objective 1.540000e+02, 11 iterations, 0.00 seconds (0.00 work units)

    Nodes    |    Current Node    |     Objective Bounds      |     Work
 Expl Unexpl |  Obj  Depth IntInf | Incumbent    BestBd   Gap | It/Node Time

*    0     0               0     154.0000000  154.00000  0.00%     -    0s

Explored 1 nodes (11 simplex iterations) in 0.01 seconds (0.00 work units)
Thread count was 4 (of 4 available processors)

Solution count 3: 154 144 133 

Optimal solution found (tolerance 1.00e-04)
Best objective 1.540000000000e+02, best bound 1.540000000000e+02, gap 0.0000%

Wrote result file 'affectation.sol'

